Base path: C:/Program Files/Unity/Hub/Editor/2018.2.0b3/Editor/Data
Cmd: initializeCompiler
Cmd: compileComputeKernel
  api=4 insize=13402 outsize=68105 ok=1
Cmd: compileComputeKernel
  api=4 insize=13402 outsize=20233 ok=1
Cmd: compileComputeKernel
  api=4 insize=13402 outsize=26961 ok=1
Cmd: compileComputeKernel
  api=4 insize=13402 outsize=41737 ok=1
Cmd: compileComputeKernel
  api=4 insize=13402 outsize=50529 ok=1
Cmd: compileComputeKernel
  api=4 insize=13402 outsize=27117 ok=1
Cmd: compileComputeKernel
  api=4 insize=13402 outsize=17577 ok=1
Cmd: compileComputeKernel
  api=4 insize=13402 outsize=44065 ok=1
Cmd: compileComputeKernel
  api=4 insize=13402 outsize=24269 ok=1
Cmd: compileComputeKernel
  api=4 insize=13402 outsize=18717 ok=1
Cmd: compileComputeKernel
  api=4 insize=13402 outsize=27469 ok=1
Cmd: compileComputeKernel
  api=4 insize=13402 outsize=29921 ok=1
Cmd: compileComputeKernel
  api=4 insize=13402 outsize=19993 ok=1
Cmd: compileComputeKernel
  api=4 insize=13402 outsize=19053 ok=1
Cmd: compileComputeKernel
  api=4 insize=13402 outsize=52877 ok=1
Cmd: compileComputeKernel
  api=4 insize=19973 outsize=14989 ok=1
Cmd: compileComputeKernel
  api=4 insize=19973 outsize=15357 ok=1
Cmd: compileComputeKernel
  api=4 insize=2134 outsize=345 ok=1
Cmd: compileComputeKernel
  api=4 insize=7524 outsize=9821 ok=1
Cmd: compileComputeKernel
  api=4 insize=5188 outsize=9117 ok=1
Cmd: compileComputeKernel
  api=4 insize=9421 outsize=8509 ok=1
Cmd: compileComputeKernel
  api=4 insize=9421 outsize=8741 ok=1
Cmd: compileComputeKernel
  api=4 insize=1836 outsize=657 ok=1
Cmd: compileComputeKernel
  api=4 insize=16785 outsize=13985 ok=1
Cmd: compileComputeKernel
  api=4 insize=30861 outsize=217 ok=1
Cmd: compileComputeKernel
  api=4 insize=1864 outsize=545 ok=1
Cmd: compileComputeKernel
  api=4 insize=1505 outsize=589 ok=1
Cmd: compileComputeKernel
  api=4 insize=15322 outsize=5797 ok=1
Cmd: compileComputeKernel
  api=4 insize=15322 outsize=6881 ok=1
Cmd: compileComputeKernel
  api=4 insize=15322 outsize=6301 ok=1
Cmd: compileComputeKernel
  api=4 insize=15322 outsize=7385 ok=1
Cmd: compileComputeKernel
  api=4 insize=15322 outsize=8457 ok=1
Cmd: compileComputeKernel
  api=4 insize=15322 outsize=6793 ok=1
Cmd: compileComputeKernel
  api=4 insize=15322 outsize=7777 ok=1
Cmd: compileComputeKernel
  api=4 insize=15322 outsize=9745 ok=1
Cmd: compileComputeKernel
  api=4 insize=15322 outsize=7249 ok=1
Cmd: compileComputeKernel
  api=4 insize=15322 outsize=8333 ok=1
Cmd: compileComputeKernel
  api=4 insize=15322 outsize=8449 ok=1
Cmd: compileComputeKernel
  api=4 insize=15322 outsize=8489 ok=1
Cmd: compileComputeKernel
  api=4 insize=15322 outsize=10457 ok=1
Cmd: compileComputeKernel
  api=4 insize=15322 outsize=8793 ok=1
Cmd: compileComputeKernel
  api=4 insize=15322 outsize=10233 ok=1
Cmd: compileComputeKernel
  api=4 insize=6056 outsize=12089 ok=1
Cmd: initializeCompiler
Cmd: initializeCompiler
Cmd: initializeCompiler
Cmd: initializeCompiler
Cmd: initializeCompiler
Cmd: initializeCompiler
Cmd: initializeCompiler
Cmd: initializeCompiler
Cmd: initializeCompiler
Cmd: initializeCompiler
Cmd: initializeCompiler
Cmd: initializeCompiler
Cmd: initializeCompiler
Cmd: initializeCompiler
Cmd: initializeCompiler
Cmd: initializeCompiler
Cmd: initializeCompiler
Cmd: initializeCompiler
Cmd: initializeCompiler
Unhandled exception: Protocol error - unexpected end of data (did the Editor crash?)

Quitting shader compiler process
