Base path: C:/Program Files/Unity/Hub/Editor/2018.2.0b3/Editor/Data
Cmd: initializeCompiler
Cmd: compileComputeKernel
  api=4 insize=13402 outsize=67313 ok=1
Cmd: compileComputeKernel
  api=4 insize=13402 outsize=16813 ok=1
Cmd: compileComputeKernel
  api=4 insize=13402 outsize=15353 ok=1
Cmd: compileComputeKernel
  api=4 insize=13402 outsize=23425 ok=1
Cmd: compileComputeKernel
  api=4 insize=13402 outsize=20013 ok=1
Cmd: compileComputeKernel
  api=4 insize=13402 outsize=35177 ok=1
Cmd: compileComputeKernel
  api=4 insize=13402 outsize=29257 ok=1
Cmd: compileComputeKernel
  api=4 insize=13402 outsize=44397 ok=1
Cmd: compileComputeKernel
  api=4 insize=13402 outsize=29165 ok=1
Cmd: compileComputeKernel
  api=4 insize=13402 outsize=68433 ok=1
Cmd: compileComputeKernel
  api=4 insize=13402 outsize=26897 ok=1
Cmd: compileComputeKernel
  api=4 insize=13402 outsize=35897 ok=1
Cmd: compileComputeKernel
  api=4 insize=13402 outsize=19929 ok=1
Cmd: compileComputeKernel
  api=4 insize=13402 outsize=26541 ok=1
Cmd: compileComputeKernel
  api=4 insize=19973 outsize=14789 ok=1
Cmd: compileComputeKernel
  api=4 insize=19973 outsize=15161 ok=1
Cmd: compileComputeKernel
  api=4 insize=5188 outsize=4089 ok=1
Cmd: compileComputeKernel
  api=4 insize=9421 outsize=8653 ok=1
Cmd: compileComputeKernel
  api=4 insize=16785 outsize=14489 ok=1
Cmd: compileComputeKernel
  api=4 insize=30861 outsize=209 ok=1
Cmd: compileComputeKernel
  api=4 insize=7569 outsize=2073 ok=1
Cmd: compileComputeKernel
  api=4 insize=15322 outsize=5101 ok=1
Cmd: compileComputeKernel
  api=4 insize=15322 outsize=6493 ok=1
Cmd: compileComputeKernel
  api=4 insize=15322 outsize=5605 ok=1
Cmd: compileComputeKernel
  api=4 insize=15322 outsize=6997 ok=1
Cmd: compileComputeKernel
  api=4 insize=15322 outsize=7017 ok=1
Cmd: compileComputeKernel
  api=4 insize=15322 outsize=8985 ok=1
Cmd: compileComputeKernel
  api=4 insize=15322 outsize=7321 ok=1
Cmd: compileComputeKernel
  api=4 insize=15322 outsize=8761 ok=1
Cmd: compileComputeKernel
  api=4 insize=15322 outsize=6169 ok=1
Cmd: compileComputeKernel
  api=4 insize=15322 outsize=6865 ok=1
Cmd: compileComputeKernel
  api=4 insize=15322 outsize=7945 ok=1
Cmd: compileComputeKernel
  api=4 insize=15322 outsize=7057 ok=1
Cmd: compileComputeKernel
  api=4 insize=15322 outsize=8065 ok=1
Cmd: compileComputeKernel
  api=4 insize=15322 outsize=7961 ok=1
Cmd: compileComputeKernel
  api=4 insize=15322 outsize=9473 ok=1
Cmd: compileComputeKernel
  api=4 insize=15322 outsize=11133 ok=1
Cmd: compileComputeKernel
  api=4 insize=15322 outsize=10761 ok=1
Cmd: compileComputeKernel
  api=4 insize=2783 outsize=4173 ok=1
Cmd: compileComputeKernel
  api=4 insize=6056 outsize=14169 ok=1
Cmd: initializeCompiler
Cmd: initializeCompiler
Cmd: initializeCompiler
Cmd: initializeCompiler
Cmd: initializeCompiler
Cmd: initializeCompiler
Cmd: initializeCompiler
Cmd: initializeCompiler
Cmd: initializeCompiler
Cmd: initializeCompiler
Cmd: initializeCompiler
Cmd: initializeCompiler
Cmd: initializeCompiler
Cmd: initializeCompiler
Cmd: initializeCompiler
Cmd: initializeCompiler
Cmd: initializeCompiler
Cmd: initializeCompiler
Cmd: initializeCompiler
Unhandled exception: Protocol error - unexpected end of data (did the Editor crash?)

Quitting shader compiler process
